Traceback (most recent call last):
  File "D:/Docs/Yandex - bazhenov.in/MyPrograms/Barsic.Report/main.py", line 80, in main
    app.run()
  File "C:\Users\bazhenov\AppData\Local\Programs\Python\Python36\lib\site-packages\kivy\app.py", line 828, in run
    runTouchApp()
  File "C:\Users\bazhenov\AppData\Local\Programs\Python\Python36\lib\site-packages\kivy\base.py", line 504, in runTouchApp
    EventLoop.window.mainloop()
  File "C:\Users\bazhenov\AppData\Local\Programs\Python\Python36\lib\site-packages\kivy\core\window\window_sdl2.py", line 663, in mainloop
    self._mainloop()
  File "C:\Users\bazhenov\AppData\Local\Programs\Python\Python36\lib\site-packages\kivy\core\window\window_sdl2.py", line 405, in _mainloop
    EventLoop.idle()
  File "C:\Users\bazhenov\AppData\Local\Programs\Python\Python36\lib\site-packages\kivy\base.py", line 342, in idle
    self.dispatch_input()
  File "C:\Users\bazhenov\AppData\Local\Programs\Python\Python36\lib\site-packages\kivy\base.py", line 327, in dispatch_input
    post_dispatch_input(*pop(0))
  File "C:\Users\bazhenov\AppData\Local\Programs\Python\Python36\lib\site-packages\kivy\base.py", line 293, in post_dispatch_input
    wid.dispatch('on_touch_up', me)
  File "kivy\_event.pyx", line 718, in kivy._event.EventDispatcher.dispatch (kivy\_event.c:8191)
  File "D:\Docs\Yandex - bazhenov.in\MyPrograms\Barsic.Report\libs/applibs\kivymd\ripplebehavior.py", line 68, in on_touch_up
    return super(CommonRipple, self).on_touch_up(touch)
  File "D:\Docs\Yandex - bazhenov.in\MyPrograms\Barsic.Report\libs/applibs\kivymd\button.py", line 314, in on_touch_up
    return super(BaseRaisedButton, self).on_touch_up(touch)
  File "D:\Docs\Yandex - bazhenov.in\MyPrograms\Barsic.Report\libs/applibs\kivymd\button.py", line 206, in on_touch_up
    return super(BaseButton, self).on_touch_up(touch)
  File "C:\Users\bazhenov\AppData\Local\Programs\Python\Python36\lib\site-packages\kivy\uix\behaviors\button.py", line 179, in on_touch_up
    self.dispatch('on_release')
  File "kivy\_event.pyx", line 714, in kivy._event.EventDispatcher.dispatch (kivy\_event.c:8146)
  File "kivy\_event.pyx", line 1225, in kivy._event.EventObservers.dispatch (kivy\_event.c:14035)
  File "kivy\_event.pyx", line 1109, in kivy._event.EventObservers._dispatch (kivy\_event.c:12816)
  File "C:\Users\bazhenov\AppData\Local\Programs\Python\Python36\lib\site-packages\kivy\lang\builder.py", line 64, in custom_callback
    exec(__kvlang__.co_value, idmap)
  File "<string>", line 110, in <module>
TypeError: count_clients() missing 5 required positional arguments: 'driver', 'server', 'database', 'uid', and 'pwd'
